

Started GET "/" for ::1 at 2015-03-11 00:39:23 +0800
Processing by Rails::WelcomeController#index as HTML
  Rendered /Users/HERO/.rvm/gems/ruby-2.2.0@rails4.2/gems/railties-4.2.0/lib/rails/templates/rails/welcome/index.html.erb (2.6ms)
Completed 200 OK in 29ms (Views: 16.3ms | ActiveRecord: 0.0ms)


Started GET "/" for ::1 at 2015-03-11 00:40:35 +0800
Processing by Rails::WelcomeController#index as HTML
  Rendered /Users/HERO/.rvm/gems/ruby-2.2.0@rails4.2/gems/railties-4.2.0/lib/rails/templates/rails/welcome/index.html.erb (0.1ms)
Completed 200 OK in 4ms (Views: 2.9ms | ActiveRecord: 0.0ms)


Started GET "/" for ::1 at 2015-03-11 00:40:39 +0800
Processing by Rails::WelcomeController#index as HTML
  Rendered /Users/HERO/.rvm/gems/ruby-2.2.0@rails4.2/gems/railties-4.2.0/lib/rails/templates/rails/welcome/index.html.erb (0.1ms)
Completed 200 OK in 4ms (Views: 3.5ms | ActiveRecord: 0.0ms)


Started GET "/" for ::1 at 2015-03-11 00:40:41 +0800
Processing by Rails::WelcomeController#index as HTML
  Rendered /Users/HERO/.rvm/gems/ruby-2.2.0@rails4.2/gems/railties-4.2.0/lib/rails/templates/rails/welcome/index.html.erb (0.1ms)
Completed 200 OK in 3ms (Views: 2.3ms | ActiveRecord: 0.0ms)


Started GET "/" for ::1 at 2015-03-11 00:40:43 +0800
Processing by Rails::WelcomeController#index as HTML
  Rendered /Users/HERO/.rvm/gems/ruby-2.2.0@rails4.2/gems/railties-4.2.0/lib/rails/templates/rails/welcome/index.html.erb (0.1ms)
Completed 200 OK in 3ms (Views: 2.6ms | ActiveRecord: 0.0ms)


Started GET "/" for ::1 at 2015-03-11 00:40:45 +0800
Processing by Rails::WelcomeController#index as HTML
  Rendered /Users/HERO/.rvm/gems/ruby-2.2.0@rails4.2/gems/railties-4.2.0/lib/rails/templates/rails/welcome/index.html.erb (0.1ms)
Completed 200 OK in 3ms (Views: 2.3ms | ActiveRecord: 0.0ms)


Started GET "/" for ::1 at 2015-03-11 00:40:50 +0800
Processing by Rails::WelcomeController#index as HTML
  Rendered /Users/HERO/.rvm/gems/ruby-2.2.0@rails4.2/gems/railties-4.2.0/lib/rails/templates/rails/welcome/index.html.erb (0.0ms)
Completed 200 OK in 3ms (Views: 2.3ms | ActiveRecord: 0.0ms)


Started GET "/rails/info/properties" for ::1 at 2015-03-11 00:41:52 +0800
Processing by Rails::InfoController#properties as HTML
  Rendered /Users/HERO/.rvm/gems/ruby-2.2.0@rails4.2/gems/railties-4.2.0/lib/rails/templates/rails/info/properties.html.erb (0.6ms)
Completed 200 OK in 88ms (Views: 53.2ms | ActiveRecord: 2.7ms)


Started GET "/" for ::1 at 2015-03-11 19:15:25 +0800
Processing by Rails::WelcomeController#index as HTML
  Rendered /Users/HERO/.rvm/gems/ruby-2.2.0@rails4.2/gems/railties-4.2.0/lib/rails/templates/rails/welcome/index.html.erb (2.6ms)
Completed 200 OK in 25ms (Views: 14.8ms | ActiveRecord: 0.0ms)


Started GET "/rails/info/properties" for ::1 at 2015-03-11 19:15:54 +0800
Processing by Rails::InfoController#properties as HTML
  Rendered /Users/HERO/.rvm/gems/ruby-2.2.0@rails4.2/gems/railties-4.2.0/lib/rails/templates/rails/info/properties.html.erb (0.7ms)
Completed 200 OK in 80ms (Views: 38.5ms | ActiveRecord: 2.3ms)


Started GET "/" for ::1 at 2015-03-11 19:16:24 +0800
Processing by Rails::WelcomeController#index as HTML
  Rendered /Users/HERO/.rvm/gems/ruby-2.2.0@rails4.2/gems/railties-4.2.0/lib/rails/templates/rails/welcome/index.html.erb (1.3ms)
Completed 200 OK in 18ms (Views: 9.7ms | ActiveRecord: 0.0ms)


Started GET "/rails/info/properties" for ::1 at 2015-03-11 19:17:25 +0800
Processing by Rails::InfoController#properties as HTML
  Rendered /Users/HERO/.rvm/gems/ruby-2.2.0@rails4.2/gems/railties-4.2.0/lib/rails/templates/rails/info/properties.html.erb (0.4ms)
Completed 200 OK in 58ms (Views: 38.5ms | ActiveRecord: 1.0ms)


Started GET "/" for ::1 at 2015-03-14 16:26:10 +0800
Processing by Rails::WelcomeController#index as HTML
  Rendered /Users/HERO/.rvm/gems/ruby-2.2.0/gems/railties-4.2.0/lib/rails/templates/rails/welcome/index.html.erb (2.6ms)
Completed 200 OK in 30ms (Views: 17.7ms | ActiveRecord: 0.0ms)


Started GET "/rails/info/properties" for ::1 at 2015-03-14 16:26:12 +0800
Processing by Rails::InfoController#properties as HTML
  Rendered /Users/HERO/.rvm/gems/ruby-2.2.0/gems/railties-4.2.0/lib/rails/templates/rails/info/properties.html.erb (0.5ms)
Completed 200 OK in 75ms (Views: 39.7ms | ActiveRecord: 2.2ms)
